/*C26*/SET SCHEMA PUBLIC
INSERT INTO GAME VALUES(0,'Uncharted 4',200.0E0)
COMMIT
DELETE FROM GAME WHERE ID=0 AND TITLE='Bolek' AND PRICE=1972.0E0
DELETE FROM GAME WHERE ID=1 AND TITLE='Lolek' AND PRICE=1972.0E0
DELETE FROM GAME WHERE ID=2 AND TITLE='Tola' AND PRICE=1975.0E0
DELETE FROM GAME WHERE ID=3 AND TITLE='Reksio' AND PRICE=1975.0E0
DELETE FROM GAME WHERE ID=0 AND TITLE='Ziutek' AND PRICE=2010.0E0
DELETE FROM GAME WHERE ID=0 AND TITLE='Uncharted 4' AND PRICE=200.0E0
COMMIT
INSERT INTO GAME VALUES(0,'Divinity',100.0E0)
COMMIT
INSERT INTO GAME VALUES(0,'Divinity2',1002.0E0)
COMMIT
DELETE FROM GAME WHERE ID=0 AND TITLE='Divinity' AND PRICE=100.0E0
DELETE FROM GAME WHERE ID=0 AND TITLE='Divinity2' AND PRICE=1002.0E0
COMMIT
INSERT INTO GAME VALUES(0,'Divinity',100.0E0)
COMMIT
INSERT INTO GAME VALUES(0,'Divinity2',1002.0E0)
COMMIT
INSERT INTO GAME VALUES(10,'Divinity',100.0E0)
COMMIT
DELETE FROM GAME WHERE ID=0 AND TITLE='Divinity' AND PRICE=100.0E0
DELETE FROM GAME WHERE ID=0 AND TITLE='Divinity2' AND PRICE=1002.0E0
DELETE FROM GAME WHERE ID=10 AND TITLE='Divinity' AND PRICE=100.0E0
COMMIT
INSERT INTO GAME VALUES(10,'Diablo',100.0E0)
COMMIT
DELETE FROM GAME WHERE ID=10 AND TITLE='Diablo' AND PRICE=100.0E0
COMMIT
/*C28*/SET SCHEMA PUBLIC
INSERT INTO GAME VALUES(0,'Bolek',1972.0E0)
COMMIT
INSERT INTO GAME VALUES(1,'Lolek',1972.0E0)
COMMIT
INSERT INTO GAME VALUES(2,'Tola',1975.0E0)
COMMIT
INSERT INTO GAME VALUES(3,'Reksio',1975.0E0)
COMMIT
DISCONNECT
/*C29*/SET SCHEMA PUBLIC
INSERT INTO GAME VALUES(0,'Ziutek',2010.0E0)
COMMIT
DELETE FROM GAME WHERE ID=0 AND TITLE='Bolek' AND PRICE=1972.0E0
DELETE FROM GAME WHERE ID=1 AND TITLE='Lolek' AND PRICE=1972.0E0
DELETE FROM GAME WHERE ID=2 AND TITLE='Tola' AND PRICE=1975.0E0
DELETE FROM GAME WHERE ID=3 AND TITLE='Reksio' AND PRICE=1975.0E0
DELETE FROM GAME WHERE ID=0 AND TITLE='Ziutek' AND PRICE=2010.0E0
COMMIT
INSERT INTO GAME VALUES(2,'Diablo 3',200.0E0)
COMMIT
DELETE FROM GAME WHERE ID=2 AND TITLE='Diablo 3' AND PRICE=200.0E0
COMMIT
INSERT INTO GAME VALUES(1,'Diablo 3',200.0E0)
COMMIT
INSERT INTO GAME VALUES(2,'Diablo 333333',200.0E0)
COMMIT
DELETE FROM GAME WHERE ID=1 AND TITLE='Diablo 3' AND PRICE=200.0E0
DELETE FROM GAME WHERE ID=2 AND TITLE='Diablo 333333' AND PRICE=200.0E0
COMMIT
INSERT INTO GAME VALUES(0,'Diablo 2',50.0E0)
COMMIT
/*C26*/DELETE FROM RATING WHERE ID=0 AND VAL=5 AND GAMEID=0
COMMIT
INSERT INTO RATING VALUES(0,10,0)
COMMIT
INSERT INTO RATING VALUES(0,20,1)
COMMIT
INSERT INTO RATING VALUES(0,30,1)
COMMIT
INSERT INTO RATING VALUES(0,10,0)
COMMIT
DELETE FROM RATING WHERE ID=0 AND VAL=10 AND GAMEID=0
DELETE FROM RATING WHERE ID=0 AND VAL=20 AND GAMEID=1
DELETE FROM RATING WHERE ID=0 AND VAL=30 AND GAMEID=1
DELETE FROM RATING WHERE ID=0 AND VAL=10 AND GAMEID=0
COMMIT
INSERT INTO RATING VALUES(0,10,0)
COMMIT
INSERT INTO RATING VALUES(0,20,1)
COMMIT
INSERT INTO RATING VALUES(0,30,1)
COMMIT
DELETE FROM RATING WHERE ID=0 AND VAL=10 AND GAMEID=0
DELETE FROM RATING WHERE ID=0 AND VAL=20 AND GAMEID=1
DELETE FROM RATING WHERE ID=0 AND VAL=30 AND GAMEID=1
COMMIT
/*C29*/DELETE FROM GAME WHERE ID=0 AND TITLE='Diablo 2' AND PRICE=50.0E0
COMMIT
INSERT INTO RATING VALUES(2,9,1)
COMMIT
DELETE FROM RATING WHERE ID=2 AND VAL=9 AND GAMEID=1
COMMIT
INSERT INTO RATING VALUES(0,5,0)
COMMIT
INSERT INTO RATING VALUES(1,7,0)
COMMIT
INSERT INTO RATING VALUES(2,9,1)
COMMIT
DELETE FROM RATING WHERE ID=0 AND VAL=5 AND GAMEID=0
DELETE FROM RATING WHERE ID=1 AND VAL=7 AND GAMEID=0
DELETE FROM RATING WHERE ID=2 AND VAL=9 AND GAMEID=1
COMMIT
INSERT INTO RATING VALUES(0,5,0)
COMMIT
/*C26*/DISCONNECT
/*C27*/SET SCHEMA PUBLIC
DISCONNECT
/*C29*/INSERT INTO GAME VALUES(0,'Diablo 2',50.0E0)
COMMIT
DELETE FROM GAME WHERE ID=0 AND TITLE='Diablo 2' AND PRICE=50.0E0
COMMIT
INSERT INTO GAME VALUES(0,'Diablo 2',50.0E0)
COMMIT
DELETE FROM GAME WHERE ID=0 AND TITLE='Diablo 2' AND PRICE=50.0E0
COMMIT
INSERT INTO GAME VALUES(0,'Diablo 2',50.0E0)
COMMIT
DELETE FROM GAME WHERE ID=0 AND TITLE='Diablo 2' AND PRICE=50.0E0
COMMIT
INSERT INTO GAME VALUES(0,'Diablo 2',50.0E0)
COMMIT
DELETE FROM GAME WHERE ID=0 AND TITLE='Diablo 2' AND PRICE=50.0E0
COMMIT
INSERT INTO GAME VALUES(0,'Diablo 2',50.0E0)
COMMIT
DELETE FROM GAME WHERE ID=0 AND TITLE='Diablo 2' AND PRICE=50.0E0
COMMIT
INSERT INTO GAME VALUES(0,'Diablo 2',50.0E0)
COMMIT
DELETE FROM GAME WHERE ID=0 AND TITLE='Diablo 2' AND PRICE=50.0E0
COMMIT
INSERT INTO GAME VALUES(0,'Diablo 2',50.0E0)
COMMIT
DELETE FROM GAME WHERE ID=0 AND TITLE='Diablo 2' AND PRICE=50.0E0
COMMIT
INSERT INTO GAME VALUES(0,'Diablo 2',50.0E0)
COMMIT
DELETE FROM GAME WHERE ID=0 AND TITLE='Diablo 2' AND PRICE=50.0E0
COMMIT
INSERT INTO GAME VALUES(0,'Diablo 2',50.0E0)
COMMIT
DELETE FROM GAME WHERE ID=0 AND TITLE='Diablo 2' AND PRICE=50.0E0
COMMIT
INSERT INTO GAME VALUES(0,'Diablo 2',50.0E0)
COMMIT
DISCONNECT
